2016-09-09 09:45:21,330  INFO [           main] c.p.i.s.web.config.WebConfiguration : Starting WebConfiguration on Melvin-ui-MacBook-Pro.local with PID 759 (/Users/melvin/SO/so-web/build/classes/main started by melvin in /Users/melvin/SO/so-web) 
2016-09-09 09:45:21,335 DEBUG [           main] c.p.i.s.web.config.WebConfiguration : Running with Spring Boot v1.4.0.RELEASE, Spring v4.3.2.RELEASE 
2016-09-09 09:45:21,336  INFO [           main] c.p.i.s.web.config.WebConfiguration : No active profile set, falling back to default profiles: default 
2016-09-09 10:05:06,238  INFO [           main] c.p.i.s.web.config.WebConfiguration : Starting WebConfiguration on Melvin-ui-MacBook-Pro.local with PID 1142 (/Users/melvin/SO/so-web/build/classes/main started by melvin in /Users/melvin/SO/so-web) 
2016-09-09 10:05:06,243 DEBUG [           main] c.p.i.s.web.config.WebConfiguration : Running with Spring Boot v1.4.0.RELEASE, Spring v4.3.2.RELEASE 
2016-09-09 10:05:06,243  INFO [           main] c.p.i.s.web.config.WebConfiguration : No active profile set, falling back to default profiles: default 
2016-09-09 10:08:54,040  INFO [DefaultQuartzScheduler_Worker-1] c.p.i.so.util.http.ClientService    : [[Client Service requestPostService uri]] http://localhost:10080/so/profile/schedule 
2016-09-09 10:08:54,045  INFO [DefaultQuartzScheduler_Worker-1] c.p.i.so.util.http.ClientService    : [[Client Service requestPostService data]] {"id":"pr-lack-equipment-noti"} 
2016-09-09 10:08:56,032  INFO [DefaultQuartzScheduler_Worker-2] c.p.i.so.util.http.ClientService    : [[Client Service requestPostService uri]] http://localhost:10080/so/profile/schedule 
2016-09-09 10:08:56,033  INFO [DefaultQuartzScheduler_Worker-2] c.p.i.so.util.http.ClientService    : [[Client Service requestPostService data]] {"id":"pr-lack-equipment-noti"} 
2016-09-09 10:08:58,033  INFO [DefaultQuartzScheduler_Worker-3] c.p.i.so.util.http.ClientService    : [[Client Service requestPostService uri]] http://localhost:10080/so/profile/schedule 
2016-09-09 10:08:58,033  INFO [DefaultQuartzScheduler_Worker-3] c.p.i.so.util.http.ClientService    : [[Client Service requestPostService data]] {"id":"pr-lack-equipment-noti"} 
2016-09-09 10:09:00,034  INFO [DefaultQuartzScheduler_Worker-4] c.p.i.so.util.http.ClientService    : [[Client Service requestPostService uri]] http://localhost:10080/so/profile/schedule 
2016-09-09 10:09:00,034  INFO [DefaultQuartzScheduler_Worker-4] c.p.i.so.util.http.ClientService    : [[Client Service requestPostService data]] {"id":"pr-lack-equipment-noti"} 
2016-09-09 10:09:02,031  INFO [DefaultQuartzScheduler_Worker-5] c.p.i.so.util.http.ClientService    : [[Client Service requestPostService uri]] http://localhost:10080/so/profile/schedule 
2016-09-09 10:09:02,031  INFO [DefaultQuartzScheduler_Worker-5] c.p.i.so.util.http.ClientService    : [[Client Service requestPostService data]] {"id":"pr-lack-equipment-noti"} 
2016-09-09 10:09:04,033  INFO [DefaultQuartzScheduler_Worker-6] c.p.i.so.util.http.ClientService    : [[Client Service requestPostService uri]] http://localhost:10080/so/profile/schedule 
2016-09-09 10:09:04,033  INFO [DefaultQuartzScheduler_Worker-6] c.p.i.so.util.http.ClientService    : [[Client Service requestPostService data]] {"id":"pr-lack-equipment-noti"} 
2016-09-09 10:09:06,033  INFO [DefaultQuartzScheduler_Worker-7] c.p.i.so.util.http.ClientService    : [[Client Service requestPostService uri]] http://localhost:10080/so/profile/schedule 
2016-09-09 10:09:06,033  INFO [DefaultQuartzScheduler_Worker-7] c.p.i.so.util.http.ClientService    : [[Client Service requestPostService data]] {"id":"pr-lack-equipment-noti"} 
2016-09-09 10:09:08,033  INFO [DefaultQuartzScheduler_Worker-8] c.p.i.so.util.http.ClientService    : [[Client Service requestPostService uri]] http://localhost:10080/so/profile/schedule 
2016-09-09 10:09:08,033  INFO [DefaultQuartzScheduler_Worker-8] c.p.i.so.util.http.ClientService    : [[Client Service requestPostService data]] {"id":"pr-lack-equipment-noti"} 
2016-09-09 10:09:10,029  INFO [DefaultQuartzScheduler_Worker-9] c.p.i.so.util.http.ClientService    : [[Client Service requestPostService uri]] http://localhost:10080/so/profile/schedule 
2016-09-09 10:09:10,030  INFO [DefaultQuartzScheduler_Worker-9] c.p.i.so.util.http.ClientService    : [[Client Service requestPostService data]] {"id":"pr-lack-equipment-noti"} 
2016-09-09 10:09:12,030  INFO [DefaultQuartzScheduler_Worker-10] c.p.i.so.util.http.ClientService    : [[Client Service requestPostService uri]] http://localhost:10080/so/profile/schedule 
2016-09-09 10:09:12,030  INFO [DefaultQuartzScheduler_Worker-10] c.p.i.so.util.http.ClientService    : [[Client Service requestPostService data]] {"id":"pr-lack-equipment-noti"} 
2016-09-09 10:09:14,030  INFO [DefaultQuartzScheduler_Worker-1] c.p.i.so.util.http.ClientService    : [[Client Service requestPostService uri]] http://localhost:10080/so/profile/schedule 
2016-09-09 10:09:14,031  INFO [DefaultQuartzScheduler_Worker-1] c.p.i.so.util.http.ClientService    : [[Client Service requestPostService data]] {"id":"pr-lack-equipment-noti"} 
2016-09-09 10:09:16,032  INFO [DefaultQuartzScheduler_Worker-2] c.p.i.so.util.http.ClientService    : [[Client Service requestPostService uri]] http://localhost:10080/so/profile/schedule 
2016-09-09 10:09:16,033  INFO [DefaultQuartzScheduler_Worker-2] c.p.i.so.util.http.ClientService    : [[Client Service requestPostService data]] {"id":"pr-lack-equipment-noti"} 
2016-09-09 10:09:33,561  INFO [DefaultQuartzScheduler_Worker-3] c.p.i.so.util.http.ClientService    : [[Client Service requestPostService uri]] http://localhost:10080/so/profile/schedule 
2016-09-09 10:09:33,562  INFO [DefaultQuartzScheduler_Worker-4] c.p.i.so.util.http.ClientService    : [[Client Service requestPostService uri]] http://localhost:10080/so/profile/schedule 
2016-09-09 10:09:33,562  INFO [DefaultQuartzScheduler_Worker-5] c.p.i.so.util.http.ClientService    : [[Client Service requestPostService uri]] http://localhost:10080/so/profile/schedule 
2016-09-09 10:09:33,563  INFO [DefaultQuartzScheduler_Worker-7] c.p.i.so.util.http.ClientService    : [[Client Service requestPostService uri]] http://localhost:10080/so/profile/schedule 
2016-09-09 10:09:33,563  INFO [DefaultQuartzScheduler_Worker-8] c.p.i.so.util.http.ClientService    : [[Client Service requestPostService uri]] http://localhost:10080/so/profile/schedule 
2016-09-09 10:09:33,563  INFO [DefaultQuartzScheduler_Worker-9] c.p.i.so.util.http.ClientService    : [[Client Service requestPostService uri]] http://localhost:10080/so/profile/schedule 
2016-09-09 10:09:33,563  INFO [DefaultQuartzScheduler_Worker-10] c.p.i.so.util.http.ClientService    : [[Client Service requestPostService uri]] http://localhost:10080/so/profile/schedule 
2016-09-09 10:09:33,563  INFO [DefaultQuartzScheduler_Worker-6] c.p.i.so.util.http.ClientService    : [[Client Service requestPostService uri]] http://localhost:10080/so/profile/schedule 
2016-09-09 10:09:33,566  INFO [DefaultQuartzScheduler_Worker-3] c.p.i.so.util.http.ClientService    : [[Client Service requestPostService data]] {"id":"pr-lack-equipment-noti"} 
2016-09-09 10:09:33,566  INFO [DefaultQuartzScheduler_Worker-4] c.p.i.so.util.http.ClientService    : [[Client Service requestPostService data]] {"id":"pr-lack-equipment-noti"} 
2016-09-09 10:09:33,566  INFO [DefaultQuartzScheduler_Worker-5] c.p.i.so.util.http.ClientService    : [[Client Service requestPostService data]] {"id":"pr-lack-equipment-noti"} 
2016-09-09 10:09:33,566  INFO [DefaultQuartzScheduler_Worker-7] c.p.i.so.util.http.ClientService    : [[Client Service requestPostService data]] {"id":"pr-lack-equipment-noti"} 
2016-09-09 10:09:33,566  INFO [DefaultQuartzScheduler_Worker-8] c.p.i.so.util.http.ClientService    : [[Client Service requestPostService data]] {"id":"pr-lack-equipment-noti"} 
2016-09-09 10:09:33,566  INFO [DefaultQuartzScheduler_Worker-9] c.p.i.so.util.http.ClientService    : [[Client Service requestPostService data]] {"id":"pr-lack-equipment-noti"} 
2016-09-09 10:09:33,566  INFO [DefaultQuartzScheduler_Worker-10] c.p.i.so.util.http.ClientService    : [[Client Service requestPostService data]] {"id":"pr-lack-equipment-noti"} 
2016-09-09 10:09:33,566  INFO [DefaultQuartzScheduler_Worker-6] c.p.i.so.util.http.ClientService    : [[Client Service requestPostService data]] {"id":"pr-lack-equipment-noti"} 
2016-09-09 10:09:34,031  INFO [DefaultQuartzScheduler_Worker-1] c.p.i.so.util.http.ClientService    : [[Client Service requestPostService uri]] http://localhost:10080/so/profile/schedule 
2016-09-09 10:09:34,031  INFO [DefaultQuartzScheduler_Worker-1] c.p.i.so.util.http.ClientService    : [[Client Service requestPostService data]] {"id":"pr-lack-equipment-noti"} 
2016-09-09 10:09:36,032  INFO [DefaultQuartzScheduler_Worker-2] c.p.i.so.util.http.ClientService    : [[Client Service requestPostService uri]] http://localhost:10080/so/profile/schedule 
2016-09-09 10:09:36,033  INFO [DefaultQuartzScheduler_Worker-2] c.p.i.so.util.http.ClientService    : [[Client Service requestPostService data]] {"id":"pr-lack-equipment-noti"} 
2016-09-09 10:09:38,030  INFO [DefaultQuartzScheduler_Worker-9] c.p.i.so.util.http.ClientService    : [[Client Service requestPostService uri]] http://localhost:10080/so/profile/schedule 
2016-09-09 10:09:38,030  INFO [DefaultQuartzScheduler_Worker-9] c.p.i.so.util.http.ClientService    : [[Client Service requestPostService data]] {"id":"pr-lack-equipment-noti"} 
2016-09-09 10:09:40,030  INFO [DefaultQuartzScheduler_Worker-3] c.p.i.so.util.http.ClientService    : [[Client Service requestPostService uri]] http://localhost:10080/so/profile/schedule 
2016-09-09 10:09:40,030  INFO [DefaultQuartzScheduler_Worker-3] c.p.i.so.util.http.ClientService    : [[Client Service requestPostService data]] {"id":"pr-lack-equipment-noti"} 
2016-09-09 10:12:47,181  INFO [           main] c.p.i.s.web.config.WebConfiguration : Starting WebConfiguration on Melvin-ui-MacBook-Pro.local with PID 1173 (/Users/melvin/SO/so-web/build/classes/main started by melvin in /Users/melvin/SO/so-web) 
2016-09-09 10:12:47,184 DEBUG [           main] c.p.i.s.web.config.WebConfiguration : Running with Spring Boot v1.4.0.RELEASE, Spring v4.3.2.RELEASE 
2016-09-09 10:12:47,185  INFO [           main] c.p.i.s.web.config.WebConfiguration : No active profile set, falling back to default profiles: default 
2016-09-09 10:12:54,546  INFO [DefaultQuartzScheduler_Worker-1] c.p.i.so.util.http.ClientService    : [[Client Service requestPostService uri]] http://localhost:10080/so/profile/schedule 
2016-09-09 10:12:54,546  INFO [DefaultQuartzScheduler_Worker-1] c.p.i.so.util.http.ClientService    : [[Client Service requestPostService data]] {"id":"pr-lack-equipment-noti"} 
2016-09-09 10:12:56,489  INFO [DefaultQuartzScheduler_Worker-2] c.p.i.so.util.http.ClientService    : [[Client Service requestPostService uri]] http://localhost:10080/so/profile/schedule 
2016-09-09 10:12:56,489  INFO [DefaultQuartzScheduler_Worker-2] c.p.i.so.util.http.ClientService    : [[Client Service requestPostService data]] {"id":"pr-lack-equipment-noti"} 
2016-09-09 10:12:58,487  INFO [DefaultQuartzScheduler_Worker-3] c.p.i.so.util.http.ClientService    : [[Client Service requestPostService uri]] http://localhost:10080/so/profile/schedule 
2016-09-09 10:12:58,488  INFO [DefaultQuartzScheduler_Worker-3] c.p.i.so.util.http.ClientService    : [[Client Service requestPostService data]] {"id":"pr-lack-equipment-noti"} 
2016-09-09 10:13:00,490  INFO [DefaultQuartzScheduler_Worker-4] c.p.i.so.util.http.ClientService    : [[Client Service requestPostService uri]] http://localhost:10080/so/profile/schedule 
2016-09-09 10:13:00,491  INFO [DefaultQuartzScheduler_Worker-4] c.p.i.so.util.http.ClientService    : [[Client Service requestPostService data]] {"id":"pr-lack-equipment-noti"} 
2016-09-09 10:13:02,490  INFO [DefaultQuartzScheduler_Worker-5] c.p.i.so.util.http.ClientService    : [[Client Service requestPostService uri]] http://localhost:10080/so/profile/schedule 
2016-09-09 10:13:02,491  INFO [DefaultQuartzScheduler_Worker-5] c.p.i.so.util.http.ClientService    : [[Client Service requestPostService data]] {"id":"pr-lack-equipment-noti"} 
2016-09-09 10:13:04,491  INFO [DefaultQuartzScheduler_Worker-6] c.p.i.so.util.http.ClientService    : [[Client Service requestPostService uri]] http://localhost:10080/so/profile/schedule 
2016-09-09 10:13:04,492  INFO [DefaultQuartzScheduler_Worker-6] c.p.i.so.util.http.ClientService    : [[Client Service requestPostService data]] {"id":"pr-lack-equipment-noti"} 
2016-09-09 10:13:06,491  INFO [DefaultQuartzScheduler_Worker-7] c.p.i.so.util.http.ClientService    : [[Client Service requestPostService uri]] http://localhost:10080/so/profile/schedule 
2016-09-09 10:13:06,491  INFO [DefaultQuartzScheduler_Worker-7] c.p.i.so.util.http.ClientService    : [[Client Service requestPostService data]] {"id":"pr-lack-equipment-noti"} 
2016-09-09 10:13:08,491  INFO [DefaultQuartzScheduler_Worker-8] c.p.i.so.util.http.ClientService    : [[Client Service requestPostService uri]] http://localhost:10080/so/profile/schedule 
2016-09-09 10:13:08,491  INFO [DefaultQuartzScheduler_Worker-8] c.p.i.so.util.http.ClientService    : [[Client Service requestPostService data]] {"id":"pr-lack-equipment-noti"} 
2016-09-09 10:13:10,490  INFO [DefaultQuartzScheduler_Worker-9] c.p.i.so.util.http.ClientService    : [[Client Service requestPostService uri]] http://localhost:10080/so/profile/schedule 
2016-09-09 10:13:10,490  INFO [DefaultQuartzScheduler_Worker-9] c.p.i.so.util.http.ClientService    : [[Client Service requestPostService data]] {"id":"pr-lack-equipment-noti"} 
2016-09-09 10:13:12,491  INFO [DefaultQuartzScheduler_Worker-10] c.p.i.so.util.http.ClientService    : [[Client Service requestPostService uri]] http://localhost:10080/so/profile/schedule 
2016-09-09 10:13:12,491  INFO [DefaultQuartzScheduler_Worker-10] c.p.i.so.util.http.ClientService    : [[Client Service requestPostService data]] {"id":"pr-lack-equipment-noti"} 
2016-09-09 10:13:14,490  INFO [DefaultQuartzScheduler_Worker-1] c.p.i.so.util.http.ClientService    : [[Client Service requestPostService uri]] http://localhost:10080/so/profile/schedule 
2016-09-09 10:13:14,490  INFO [DefaultQuartzScheduler_Worker-1] c.p.i.so.util.http.ClientService    : [[Client Service requestPostService data]] {"id":"pr-lack-equipment-noti"} 
2016-09-09 10:13:16,492  INFO [DefaultQuartzScheduler_Worker-2] c.p.i.so.util.http.ClientService    : [[Client Service requestPostService uri]] http://localhost:10080/so/profile/schedule 
2016-09-09 10:13:16,492  INFO [DefaultQuartzScheduler_Worker-2] c.p.i.so.util.http.ClientService    : [[Client Service requestPostService data]] {"id":"pr-lack-equipment-noti"} 
2016-09-09 10:13:18,488  INFO [DefaultQuartzScheduler_Worker-3] c.p.i.so.util.http.ClientService    : [[Client Service requestPostService uri]] http://localhost:10080/so/profile/schedule 
2016-09-09 10:13:18,488  INFO [DefaultQuartzScheduler_Worker-3] c.p.i.so.util.http.ClientService    : [[Client Service requestPostService data]] {"id":"pr-lack-equipment-noti"} 
2016-09-09 10:13:20,491  INFO [DefaultQuartzScheduler_Worker-4] c.p.i.so.util.http.ClientService    : [[Client Service requestPostService uri]] http://localhost:10080/so/profile/schedule 
2016-09-09 10:13:20,491  INFO [DefaultQuartzScheduler_Worker-4] c.p.i.so.util.http.ClientService    : [[Client Service requestPostService data]] {"id":"pr-lack-equipment-noti"} 
2016-09-09 10:13:22,488  INFO [DefaultQuartzScheduler_Worker-5] c.p.i.so.util.http.ClientService    : [[Client Service requestPostService uri]] http://localhost:10080/so/profile/schedule 
2016-09-09 10:13:22,488  INFO [DefaultQuartzScheduler_Worker-5] c.p.i.so.util.http.ClientService    : [[Client Service requestPostService data]] {"id":"pr-lack-equipment-noti"} 
2016-09-09 10:13:24,487  INFO [DefaultQuartzScheduler_Worker-6] c.p.i.so.util.http.ClientService    : [[Client Service requestPostService uri]] http://localhost:10080/so/profile/schedule 
2016-09-09 10:13:24,488  INFO [DefaultQuartzScheduler_Worker-6] c.p.i.so.util.http.ClientService    : [[Client Service requestPostService data]] {"id":"pr-lack-equipment-noti"} 
2016-09-09 10:13:26,490  INFO [DefaultQuartzScheduler_Worker-7] c.p.i.so.util.http.ClientService    : [[Client Service requestPostService uri]] http://localhost:10080/so/profile/schedule 
2016-09-09 10:13:26,491  INFO [DefaultQuartzScheduler_Worker-7] c.p.i.so.util.http.ClientService    : [[Client Service requestPostService data]] {"id":"pr-lack-equipment-noti"} 
2016-09-09 10:13:28,492  INFO [DefaultQuartzScheduler_Worker-8] c.p.i.so.util.http.ClientService    : [[Client Service requestPostService uri]] http://localhost:10080/so/profile/schedule 
2016-09-09 10:13:28,492  INFO [DefaultQuartzScheduler_Worker-8] c.p.i.so.util.http.ClientService    : [[Client Service requestPostService data]] {"id":"pr-lack-equipment-noti"} 
2016-09-09 10:13:30,490  INFO [DefaultQuartzScheduler_Worker-9] c.p.i.so.util.http.ClientService    : [[Client Service requestPostService uri]] http://localhost:10080/so/profile/schedule 
2016-09-09 10:13:30,491  INFO [DefaultQuartzScheduler_Worker-9] c.p.i.so.util.http.ClientService    : [[Client Service requestPostService data]] {"id":"pr-lack-equipment-noti"} 
2016-09-09 10:13:32,491  INFO [DefaultQuartzScheduler_Worker-10] c.p.i.so.util.http.ClientService    : [[Client Service requestPostService uri]] http://localhost:10080/so/profile/schedule 
2016-09-09 10:13:32,492  INFO [DefaultQuartzScheduler_Worker-10] c.p.i.so.util.http.ClientService    : [[Client Service requestPostService data]] {"id":"pr-lack-equipment-noti"} 
2016-09-09 10:13:34,491  INFO [DefaultQuartzScheduler_Worker-1] c.p.i.so.util.http.ClientService    : [[Client Service requestPostService uri]] http://localhost:10080/so/profile/schedule 
2016-09-09 10:13:34,492  INFO [DefaultQuartzScheduler_Worker-1] c.p.i.so.util.http.ClientService    : [[Client Service requestPostService data]] {"id":"pr-lack-equipment-noti"} 
2016-09-09 10:13:36,488  INFO [DefaultQuartzScheduler_Worker-2] c.p.i.so.util.http.ClientService    : [[Client Service requestPostService uri]] http://localhost:10080/so/profile/schedule 
2016-09-09 10:13:36,489  INFO [DefaultQuartzScheduler_Worker-2] c.p.i.so.util.http.ClientService    : [[Client Service requestPostService data]] {"id":"pr-lack-equipment-noti"} 
2016-09-09 10:13:38,491  INFO [DefaultQuartzScheduler_Worker-3] c.p.i.so.util.http.ClientService    : [[Client Service requestPostService uri]] http://localhost:10080/so/profile/schedule 
2016-09-09 10:13:38,491  INFO [DefaultQuartzScheduler_Worker-3] c.p.i.so.util.http.ClientService    : [[Client Service requestPostService data]] {"id":"pr-lack-equipment-noti"} 
2016-09-09 10:13:40,488  INFO [DefaultQuartzScheduler_Worker-4] c.p.i.so.util.http.ClientService    : [[Client Service requestPostService uri]] http://localhost:10080/so/profile/schedule 
2016-09-09 10:13:40,489  INFO [DefaultQuartzScheduler_Worker-4] c.p.i.so.util.http.ClientService    : [[Client Service requestPostService data]] {"id":"pr-lack-equipment-noti"} 
2016-09-09 10:13:42,487  INFO [DefaultQuartzScheduler_Worker-5] c.p.i.so.util.http.ClientService    : [[Client Service requestPostService uri]] http://localhost:10080/so/profile/schedule 
2016-09-09 10:13:42,487  INFO [DefaultQuartzScheduler_Worker-5] c.p.i.so.util.http.ClientService    : [[Client Service requestPostService data]] {"id":"pr-lack-equipment-noti"} 
2016-09-09 10:13:44,488  INFO [DefaultQuartzScheduler_Worker-6] c.p.i.so.util.http.ClientService    : [[Client Service requestPostService uri]] http://localhost:10080/so/profile/schedule 
2016-09-09 10:13:44,488  INFO [DefaultQuartzScheduler_Worker-6] c.p.i.so.util.http.ClientService    : [[Client Service requestPostService data]] {"id":"pr-lack-equipment-noti"} 
2016-09-09 10:13:46,491  INFO [DefaultQuartzScheduler_Worker-7] c.p.i.so.util.http.ClientService    : [[Client Service requestPostService uri]] http://localhost:10080/so/profile/schedule 
2016-09-09 10:13:46,491  INFO [DefaultQuartzScheduler_Worker-7] c.p.i.so.util.http.ClientService    : [[Client Service requestPostService data]] {"id":"pr-lack-equipment-noti"} 
2016-09-09 10:13:48,491  INFO [DefaultQuartzScheduler_Worker-8] c.p.i.so.util.http.ClientService    : [[Client Service requestPostService uri]] http://localhost:10080/so/profile/schedule 
2016-09-09 10:13:48,491  INFO [DefaultQuartzScheduler_Worker-8] c.p.i.so.util.http.ClientService    : [[Client Service requestPostService data]] {"id":"pr-lack-equipment-noti"} 
2016-09-09 10:13:50,488  INFO [DefaultQuartzScheduler_Worker-9] c.p.i.so.util.http.ClientService    : [[Client Service requestPostService uri]] http://localhost:10080/so/profile/schedule 
2016-09-09 10:13:50,489  INFO [DefaultQuartzScheduler_Worker-9] c.p.i.so.util.http.ClientService    : [[Client Service requestPostService data]] {"id":"pr-lack-equipment-noti"} 
2016-09-09 10:13:52,487  INFO [DefaultQuartzScheduler_Worker-10] c.p.i.so.util.http.ClientService    : [[Client Service requestPostService uri]] http://localhost:10080/so/profile/schedule 
2016-09-09 10:13:52,487  INFO [DefaultQuartzScheduler_Worker-10] c.p.i.so.util.http.ClientService    : [[Client Service requestPostService data]] {"id":"pr-lack-equipment-noti"} 
2016-09-09 10:13:54,491  INFO [DefaultQuartzScheduler_Worker-1] c.p.i.so.util.http.ClientService    : [[Client Service requestPostService uri]] http://localhost:10080/so/profile/schedule 
2016-09-09 10:13:54,491  INFO [DefaultQuartzScheduler_Worker-1] c.p.i.so.util.http.ClientService    : [[Client Service requestPostService data]] {"id":"pr-lack-equipment-noti"} 
2016-09-09 10:13:56,488  INFO [DefaultQuartzScheduler_Worker-2] c.p.i.so.util.http.ClientService    : [[Client Service requestPostService uri]] http://localhost:10080/so/profile/schedule 
2016-09-09 10:13:56,488  INFO [DefaultQuartzScheduler_Worker-2] c.p.i.so.util.http.ClientService    : [[Client Service requestPostService data]] {"id":"pr-lack-equipment-noti"} 
2016-09-09 10:13:58,491  INFO [DefaultQuartzScheduler_Worker-3] c.p.i.so.util.http.ClientService    : [[Client Service requestPostService uri]] http://localhost:10080/so/profile/schedule 
2016-09-09 10:13:58,491  INFO [DefaultQuartzScheduler_Worker-3] c.p.i.so.util.http.ClientService    : [[Client Service requestPostService data]] {"id":"pr-lack-equipment-noti"} 
2016-09-09 10:14:00,491  INFO [DefaultQuartzScheduler_Worker-4] c.p.i.so.util.http.ClientService    : [[Client Service requestPostService uri]] http://localhost:10080/so/profile/schedule 
2016-09-09 10:14:00,492  INFO [DefaultQuartzScheduler_Worker-4] c.p.i.so.util.http.ClientService    : [[Client Service requestPostService data]] {"id":"pr-lack-equipment-noti"} 
2016-09-09 10:14:02,488  INFO [DefaultQuartzScheduler_Worker-5] c.p.i.so.util.http.ClientService    : [[Client Service requestPostService uri]] http://localhost:10080/so/profile/schedule 
2016-09-09 10:14:02,488  INFO [DefaultQuartzScheduler_Worker-5] c.p.i.so.util.http.ClientService    : [[Client Service requestPostService data]] {"id":"pr-lack-equipment-noti"} 
2016-09-09 10:14:04,491  INFO [DefaultQuartzScheduler_Worker-6] c.p.i.so.util.http.ClientService    : [[Client Service requestPostService uri]] http://localhost:10080/so/profile/schedule 
2016-09-09 10:14:04,491  INFO [DefaultQuartzScheduler_Worker-6] c.p.i.so.util.http.ClientService    : [[Client Service requestPostService data]] {"id":"pr-lack-equipment-noti"} 
2016-09-09 10:14:06,491  INFO [DefaultQuartzScheduler_Worker-7] c.p.i.so.util.http.ClientService    : [[Client Service requestPostService uri]] http://localhost:10080/so/profile/schedule 
2016-09-09 10:14:06,491  INFO [DefaultQuartzScheduler_Worker-7] c.p.i.so.util.http.ClientService    : [[Client Service requestPostService data]] {"id":"pr-lack-equipment-noti"} 
2016-09-09 10:14:08,489  INFO [DefaultQuartzScheduler_Worker-8] c.p.i.so.util.http.ClientService    : [[Client Service requestPostService uri]] http://localhost:10080/so/profile/schedule 
2016-09-09 10:14:08,489  INFO [DefaultQuartzScheduler_Worker-8] c.p.i.so.util.http.ClientService    : [[Client Service requestPostService data]] {"id":"pr-lack-equipment-noti"} 
2016-09-09 10:14:10,490  INFO [DefaultQuartzScheduler_Worker-9] c.p.i.so.util.http.ClientService    : [[Client Service requestPostService uri]] http://localhost:10080/so/profile/schedule 
2016-09-09 10:14:10,490  INFO [DefaultQuartzScheduler_Worker-9] c.p.i.so.util.http.ClientService    : [[Client Service requestPostService data]] {"id":"pr-lack-equipment-noti"} 
2016-09-09 10:14:12,490  INFO [DefaultQuartzScheduler_Worker-10] c.p.i.so.util.http.ClientService    : [[Client Service requestPostService uri]] http://localhost:10080/so/profile/schedule 
2016-09-09 10:14:12,490  INFO [DefaultQuartzScheduler_Worker-10] c.p.i.so.util.http.ClientService    : [[Client Service requestPostService data]] {"id":"pr-lack-equipment-noti"} 
2016-09-09 10:14:14,489  INFO [DefaultQuartzScheduler_Worker-1] c.p.i.so.util.http.ClientService    : [[Client Service requestPostService uri]] http://localhost:10080/so/profile/schedule 
2016-09-09 10:14:14,489  INFO [DefaultQuartzScheduler_Worker-1] c.p.i.so.util.http.ClientService    : [[Client Service requestPostService data]] {"id":"pr-lack-equipment-noti"} 
2016-09-09 10:14:16,490  INFO [DefaultQuartzScheduler_Worker-2] c.p.i.so.util.http.ClientService    : [[Client Service requestPostService uri]] http://localhost:10080/so/profile/schedule 
2016-09-09 10:14:16,490  INFO [DefaultQuartzScheduler_Worker-2] c.p.i.so.util.http.ClientService    : [[Client Service requestPostService data]] {"id":"pr-lack-equipment-noti"} 
2016-09-09 10:14:18,487  INFO [DefaultQuartzScheduler_Worker-3] c.p.i.so.util.http.ClientService    : [[Client Service requestPostService uri]] http://localhost:10080/so/profile/schedule 
2016-09-09 10:14:18,487  INFO [DefaultQuartzScheduler_Worker-3] c.p.i.so.util.http.ClientService    : [[Client Service requestPostService data]] {"id":"pr-lack-equipment-noti"} 
2016-09-09 10:14:20,488  INFO [DefaultQuartzScheduler_Worker-4] c.p.i.so.util.http.ClientService    : [[Client Service requestPostService uri]] http://localhost:10080/so/profile/schedule 
2016-09-09 10:14:20,488  INFO [DefaultQuartzScheduler_Worker-4] c.p.i.so.util.http.ClientService    : [[Client Service requestPostService data]] {"id":"pr-lack-equipment-noti"} 
2016-09-09 10:14:22,488  INFO [DefaultQuartzScheduler_Worker-5] c.p.i.so.util.http.ClientService    : [[Client Service requestPostService uri]] http://localhost:10080/so/profile/schedule 
2016-09-09 10:14:22,488  INFO [DefaultQuartzScheduler_Worker-5] c.p.i.so.util.http.ClientService    : [[Client Service requestPostService data]] {"id":"pr-lack-equipment-noti"} 
2016-09-09 10:14:24,491  INFO [DefaultQuartzScheduler_Worker-6] c.p.i.so.util.http.ClientService    : [[Client Service requestPostService uri]] http://localhost:10080/so/profile/schedule 
2016-09-09 10:14:24,492  INFO [DefaultQuartzScheduler_Worker-6] c.p.i.so.util.http.ClientService    : [[Client Service requestPostService data]] {"id":"pr-lack-equipment-noti"} 
2016-09-09 10:14:26,489  INFO [DefaultQuartzScheduler_Worker-7] c.p.i.so.util.http.ClientService    : [[Client Service requestPostService uri]] http://localhost:10080/so/profile/schedule 
2016-09-09 10:14:26,489  INFO [DefaultQuartzScheduler_Worker-7] c.p.i.so.util.http.ClientService    : [[Client Service requestPostService data]] {"id":"pr-lack-equipment-noti"} 
2016-09-09 10:14:28,489  INFO [DefaultQuartzScheduler_Worker-8] c.p.i.so.util.http.ClientService    : [[Client Service requestPostService uri]] http://localhost:10080/so/profile/schedule 
2016-09-09 10:14:28,489  INFO [DefaultQuartzScheduler_Worker-8] c.p.i.so.util.http.ClientService    : [[Client Service requestPostService data]] {"id":"pr-lack-equipment-noti"} 
2016-09-09 10:14:30,490  INFO [DefaultQuartzScheduler_Worker-9] c.p.i.so.util.http.ClientService    : [[Client Service requestPostService uri]] http://localhost:10080/so/profile/schedule 
2016-09-09 10:14:30,490  INFO [DefaultQuartzScheduler_Worker-9] c.p.i.so.util.http.ClientService    : [[Client Service requestPostService data]] {"id":"pr-lack-equipment-noti"} 
2016-09-09 10:14:32,487  INFO [DefaultQuartzScheduler_Worker-10] c.p.i.so.util.http.ClientService    : [[Client Service requestPostService uri]] http://localhost:10080/so/profile/schedule 
2016-09-09 10:14:32,492  INFO [DefaultQuartzScheduler_Worker-10] c.p.i.so.util.http.ClientService    : [[Client Service requestPostService data]] {"id":"pr-lack-equipment-noti"} 
2016-09-09 10:14:34,491  INFO [DefaultQuartzScheduler_Worker-1] c.p.i.so.util.http.ClientService    : [[Client Service requestPostService uri]] http://localhost:10080/so/profile/schedule 
2016-09-09 10:14:34,491  INFO [DefaultQuartzScheduler_Worker-1] c.p.i.so.util.http.ClientService    : [[Client Service requestPostService data]] {"id":"pr-lack-equipment-noti"} 
2016-09-09 10:14:36,488  INFO [DefaultQuartzScheduler_Worker-2] c.p.i.so.util.http.ClientService    : [[Client Service requestPostService uri]] http://localhost:10080/so/profile/schedule 
2016-09-09 10:14:36,488  INFO [DefaultQuartzScheduler_Worker-2] c.p.i.so.util.http.ClientService    : [[Client Service requestPostService data]] {"id":"pr-lack-equipment-noti"} 
2016-09-09 10:14:38,491  INFO [DefaultQuartzScheduler_Worker-3] c.p.i.so.util.http.ClientService    : [[Client Service requestPostService uri]] http://localhost:10080/so/profile/schedule 
2016-09-09 10:14:38,491  INFO [DefaultQuartzScheduler_Worker-3] c.p.i.so.util.http.ClientService    : [[Client Service requestPostService data]] {"id":"pr-lack-equipment-noti"} 
2016-09-09 10:14:40,491  INFO [DefaultQuartzScheduler_Worker-4] c.p.i.so.util.http.ClientService    : [[Client Service requestPostService uri]] http://localhost:10080/so/profile/schedule 
2016-09-09 10:14:40,491  INFO [DefaultQuartzScheduler_Worker-4] c.p.i.so.util.http.ClientService    : [[Client Service requestPostService data]] {"id":"pr-lack-equipment-noti"} 
2016-09-09 10:14:42,491  INFO [DefaultQuartzScheduler_Worker-5] c.p.i.so.util.http.ClientService    : [[Client Service requestPostService uri]] http://localhost:10080/so/profile/schedule 
2016-09-09 10:14:42,491  INFO [DefaultQuartzScheduler_Worker-5] c.p.i.so.util.http.ClientService    : [[Client Service requestPostService data]] {"id":"pr-lack-equipment-noti"} 
2016-09-09 10:14:44,491  INFO [DefaultQuartzScheduler_Worker-6] c.p.i.so.util.http.ClientService    : [[Client Service requestPostService uri]] http://localhost:10080/so/profile/schedule 
2016-09-09 10:14:44,491  INFO [DefaultQuartzScheduler_Worker-6] c.p.i.so.util.http.ClientService    : [[Client Service requestPostService data]] {"id":"pr-lack-equipment-noti"} 
2016-09-09 10:14:46,491  INFO [DefaultQuartzScheduler_Worker-7] c.p.i.so.util.http.ClientService    : [[Client Service requestPostService uri]] http://localhost:10080/so/profile/schedule 
2016-09-09 10:14:46,492  INFO [DefaultQuartzScheduler_Worker-7] c.p.i.so.util.http.ClientService    : [[Client Service requestPostService data]] {"id":"pr-lack-equipment-noti"} 
2016-09-09 10:14:48,489  INFO [DefaultQuartzScheduler_Worker-8] c.p.i.so.util.http.ClientService    : [[Client Service requestPostService uri]] http://localhost:10080/so/profile/schedule 
2016-09-09 10:14:48,490  INFO [DefaultQuartzScheduler_Worker-8] c.p.i.so.util.http.ClientService    : [[Client Service requestPostService data]] {"id":"pr-lack-equipment-noti"} 
2016-09-09 10:14:50,487  INFO [DefaultQuartzScheduler_Worker-9] c.p.i.so.util.http.ClientService    : [[Client Service requestPostService uri]] http://localhost:10080/so/profile/schedule 
2016-09-09 10:14:50,492  INFO [DefaultQuartzScheduler_Worker-9] c.p.i.so.util.http.ClientService    : [[Client Service requestPostService data]] {"id":"pr-lack-equipment-noti"} 
2016-09-09 10:14:52,490  INFO [DefaultQuartzScheduler_Worker-10] c.p.i.so.util.http.ClientService    : [[Client Service requestPostService uri]] http://localhost:10080/so/profile/schedule 
2016-09-09 10:14:52,491  INFO [DefaultQuartzScheduler_Worker-10] c.p.i.so.util.http.ClientService    : [[Client Service requestPostService data]] {"id":"pr-lack-equipment-noti"} 
2016-09-09 10:14:54,492  INFO [DefaultQuartzScheduler_Worker-1] c.p.i.so.util.http.ClientService    : [[Client Service requestPostService uri]] http://localhost:10080/so/profile/schedule 
2016-09-09 10:14:54,492  INFO [DefaultQuartzScheduler_Worker-1] c.p.i.so.util.http.ClientService    : [[Client Service requestPostService data]] {"id":"pr-lack-equipment-noti"} 
2016-09-09 10:14:56,491  INFO [DefaultQuartzScheduler_Worker-2] c.p.i.so.util.http.ClientService    : [[Client Service requestPostService uri]] http://localhost:10080/so/profile/schedule 
2016-09-09 10:14:56,491  INFO [DefaultQuartzScheduler_Worker-2] c.p.i.so.util.http.ClientService    : [[Client Service requestPostService data]] {"id":"pr-lack-equipment-noti"} 
2016-09-09 10:14:58,490  INFO [DefaultQuartzScheduler_Worker-3] c.p.i.so.util.http.ClientService    : [[Client Service requestPostService uri]] http://localhost:10080/so/profile/schedule 
2016-09-09 10:14:58,490  INFO [DefaultQuartzScheduler_Worker-3] c.p.i.so.util.http.ClientService    : [[Client Service requestPostService data]] {"id":"pr-lack-equipment-noti"} 
2016-09-09 10:15:00,492  INFO [DefaultQuartzScheduler_Worker-4] c.p.i.so.util.http.ClientService    : [[Client Service requestPostService uri]] http://localhost:10080/so/profile/schedule 
2016-09-09 10:15:00,492  INFO [DefaultQuartzScheduler_Worker-4] c.p.i.so.util.http.ClientService    : [[Client Service requestPostService data]] {"id":"pr-lack-equipment-noti"} 
2016-09-09 10:15:02,489  INFO [DefaultQuartzScheduler_Worker-5] c.p.i.so.util.http.ClientService    : [[Client Service requestPostService uri]] http://localhost:10080/so/profile/schedule 
2016-09-09 10:15:02,489  INFO [DefaultQuartzScheduler_Worker-5] c.p.i.so.util.http.ClientService    : [[Client Service requestPostService data]] {"id":"pr-lack-equipment-noti"} 
2016-09-09 11:00:51,836  INFO [           main] c.p.i.s.web.config.WebConfiguration : Starting WebConfiguration on Melvin-ui-MacBook-Pro.local with PID 2930 (/Users/melvin/SO/so-web/build/classes/main started by melvin in /Users/melvin/SO/so-web) 
2016-09-09 11:00:51,840 DEBUG [           main] c.p.i.s.web.config.WebConfiguration : Running with Spring Boot v1.4.0.RELEASE, Spring v4.3.2.RELEASE 
2016-09-09 11:00:51,840  INFO [           main] c.p.i.s.web.config.WebConfiguration : No active profile set, falling back to default profiles: default 
2016-09-09 11:01:01,673  INFO [DefaultQuartzScheduler_Worker-1] c.p.i.so.util.http.ClientService    : [[Client Service requestPostService uri]] http://localhost:10080/so/profile/schedule 
2016-09-09 11:01:01,673  INFO [DefaultQuartzScheduler_Worker-1] c.p.i.so.util.http.ClientService    : [[Client Service requestPostService data]] {"id":"pr-lack-equipment-noti"} 
2016-09-09 11:01:03,624  INFO [DefaultQuartzScheduler_Worker-2] c.p.i.so.util.http.ClientService    : [[Client Service requestPostService uri]] http://localhost:10080/so/profile/schedule 
2016-09-09 11:01:03,624  INFO [DefaultQuartzScheduler_Worker-2] c.p.i.so.util.http.ClientService    : [[Client Service requestPostService data]] {"id":"pr-lack-equipment-noti"} 
2016-09-09 11:01:05,622  INFO [DefaultQuartzScheduler_Worker-3] c.p.i.so.util.http.ClientService    : [[Client Service requestPostService uri]] http://localhost:10080/so/profile/schedule 
2016-09-09 11:01:05,622  INFO [DefaultQuartzScheduler_Worker-3] c.p.i.so.util.http.ClientService    : [[Client Service requestPostService data]] {"id":"pr-lack-equipment-noti"} 
2016-09-09 11:01:07,623  INFO [DefaultQuartzScheduler_Worker-4] c.p.i.so.util.http.ClientService    : [[Client Service requestPostService uri]] http://localhost:10080/so/profile/schedule 
2016-09-09 11:01:07,624  INFO [DefaultQuartzScheduler_Worker-4] c.p.i.so.util.http.ClientService    : [[Client Service requestPostService data]] {"id":"pr-lack-equipment-noti"} 
2016-09-09 11:01:09,622  INFO [DefaultQuartzScheduler_Worker-5] c.p.i.so.util.http.ClientService    : [[Client Service requestPostService uri]] http://localhost:10080/so/profile/schedule 
2016-09-09 11:01:09,622  INFO [DefaultQuartzScheduler_Worker-5] c.p.i.so.util.http.ClientService    : [[Client Service requestPostService data]] {"id":"pr-lack-equipment-noti"} 
2016-09-09 11:01:11,623  INFO [DefaultQuartzScheduler_Worker-6] c.p.i.so.util.http.ClientService    : [[Client Service requestPostService uri]] http://localhost:10080/so/profile/schedule 
2016-09-09 11:01:11,624  INFO [DefaultQuartzScheduler_Worker-6] c.p.i.so.util.http.ClientService    : [[Client Service requestPostService data]] {"id":"pr-lack-equipment-noti"} 
2016-09-09 11:01:13,623  INFO [DefaultQuartzScheduler_Worker-7] c.p.i.so.util.http.ClientService    : [[Client Service requestPostService uri]] http://localhost:10080/so/profile/schedule 
2016-09-09 11:01:13,624  INFO [DefaultQuartzScheduler_Worker-7] c.p.i.so.util.http.ClientService    : [[Client Service requestPostService data]] {"id":"pr-lack-equipment-noti"} 
