2016-09-12 13:58:11,086  INFO [           main] c.p.i.s.web.config.WebConfiguration : Starting WebConfiguration on Melvin-ui-MacBook-Pro.local with PID 1317 (/Users/melvin/SO/so-web/build/classes/main started by melvin in /Users/melvin/SO/so-web) 
2016-09-12 13:58:11,090 DEBUG [           main] c.p.i.s.web.config.WebConfiguration : Running with Spring Boot v1.4.0.RELEASE, Spring v4.3.2.RELEASE 
2016-09-12 13:58:11,091  INFO [           main] c.p.i.s.web.config.WebConfiguration : No active profile set, falling back to default profiles: default 
2016-09-12 14:00:04,493  INFO [http-nio-10080-exec-1] c.p.i.s.c.p.ContextInformationPresentation : requestContextInformationMaking 
2016-09-12 14:03:27,945  INFO [           main] c.p.i.s.web.config.WebConfiguration : Starting WebConfiguration on Melvin-ui-MacBook-Pro.local with PID 1354 (/Users/melvin/SO/so-web/build/classes/main started by melvin in /Users/melvin/SO/so-web) 
2016-09-12 14:03:27,950 DEBUG [           main] c.p.i.s.web.config.WebConfiguration : Running with Spring Boot v1.4.0.RELEASE, Spring v4.3.2.RELEASE 
2016-09-12 14:03:27,951  INFO [           main] c.p.i.s.web.config.WebConfiguration : No active profile set, falling back to default profiles: default 
2016-09-12 14:05:28,337  INFO [http-nio-10080-exec-1] c.p.i.s.c.p.ContextInformationPresentation : registerContextInformationController : received ContextInformation{id='ci-nobody', name='nobody', deviceObjectName='재실센서', minValue=0, maxValue=0, conceptServiceName='재실측정', createTime='null', modifiedTime='null'} 
2016-09-12 14:22:42,847  INFO [           main] c.p.i.s.web.config.WebConfiguration : Starting WebConfiguration on Melvin-ui-MacBook-Pro.local with PID 1404 (/Users/melvin/SO/so-web/build/classes/main started by melvin in /Users/melvin/SO/so-web) 
2016-09-12 14:22:42,851 DEBUG [           main] c.p.i.s.web.config.WebConfiguration : Running with Spring Boot v1.4.0.RELEASE, Spring v4.3.2.RELEASE 
2016-09-12 14:22:42,852  INFO [           main] c.p.i.s.web.config.WebConfiguration : No active profile set, falling back to default profiles: default 
2016-09-12 14:23:20,863  INFO [           main] c.p.i.s.web.config.WebConfiguration : Starting WebConfiguration on Melvin-ui-MacBook-Pro.local with PID 1407 (/Users/melvin/SO/so-web/build/classes/main started by melvin in /Users/melvin/SO/so-web) 
2016-09-12 14:23:20,868 DEBUG [           main] c.p.i.s.web.config.WebConfiguration : Running with Spring Boot v1.4.0.RELEASE, Spring v4.3.2.RELEASE 
2016-09-12 14:23:20,868  INFO [           main] c.p.i.s.web.config.WebConfiguration : No active profile set, falling back to default profiles: default 
2016-09-12 14:23:59,264  INFO [http-nio-10080-exec-1] c.p.i.s.c.p.ContextInformationPresentation : infoLogPrintrequested 
2016-09-12 15:46:25,267  INFO [           main] c.p.i.s.web.config.WebConfiguration : Starting WebConfiguration on Melvin-ui-MacBook-Pro.local with PID 1488 (/Users/melvin/SO/so-web/build/classes/main started by melvin in /Users/melvin/SO/so-web) 
2016-09-12 15:46:25,271 DEBUG [           main] c.p.i.s.web.config.WebConfiguration : Running with Spring Boot v1.4.0.RELEASE, Spring v4.3.2.RELEASE 
2016-09-12 15:46:25,271  INFO [           main] c.p.i.s.web.config.WebConfiguration : No active profile set, falling back to default profiles: default 
2016-09-12 15:46:34,574  INFO [http-nio-10080-exec-1] c.p.i.s.c.p.ContextInformationPresentation : inputInfoLogPrint Method : requested 
2016-09-12 15:47:18,748  INFO [           main] c.p.i.s.web.config.WebConfiguration : Starting WebConfiguration on Melvin-ui-MacBook-Pro.local with PID 1494 (/Users/melvin/SO/so-web/build/classes/main started by melvin in /Users/melvin/SO/so-web) 
2016-09-12 15:47:18,751 DEBUG [           main] c.p.i.s.web.config.WebConfiguration : Running with Spring Boot v1.4.0.RELEASE, Spring v4.3.2.RELEASE 
2016-09-12 15:47:18,752  INFO [           main] c.p.i.s.web.config.WebConfiguration : No active profile set, falling back to default profiles: default 
2016-09-12 15:47:27,219  INFO [http-nio-10080-exec-1] c.p.i.s.c.p.ContextInformationPresentation : registerContextInformationController Method : requested 
